Using pre-set license
Built from '2020.3/release' branch; Version is '2020.3.1f1 (77a89f25062f) revision 7841951'; Using compiler version '192528614'; Build Type 'Release'
OS: 'Windows 10 Home; OS build 19042.928; Version 2009; 64bit' Language: 'tr' Physical Memory: 16271 MB
BatchMode: 1, IsHumanControllingUs: 0, StartBugReporterOnCrash: 0, Is64bit: 1, IsPro: 0

 COMMAND LINE ARGUMENTS:
C:\Program Files\Unity\Hub\Editor\2020.3.1f1\Editor\Unity.exe
-adb2
-batchMode
-noUpm
-name
AssetImportWorker2
-projectPath
C:/Users/ozan9/ColorFilldemo
-logFile
Logs/AssetImportWorker2.log
-srvPort
62120
Successfully changed project path to: C:/Users/ozan9/ColorFilldemo
C:/Users/ozan9/ColorFilldemo
Using Asset Import Pipeline V2.
Refreshing native plugins compatible for Editor in 27.91 ms, found 0 plugins.
Preloading 0 native plugins for Editor in 0.00 ms.
Initialize engine version: 2020.3.1f1 (77a89f25062f)
[Subsystems] Discovering subsystems at path C:/Program Files/Unity/Hub/Editor/2020.3.1f1/Editor/Data/Resources/UnitySubsystems
[Subsystems] Discovering subsystems at path C:/Users/ozan9/ColorFilldemo/Assets
GfxDevice: creating device client; threaded=0
Direct3D:
    Version:  Direct3D 11.0 [level 11.1]
    Renderer: NVIDIA GeForce GTX 1060 (ID=0x1c20)
    Vendor:   
    VRAM:     6052 MB
    Driver:   26.21.14.4575
Initialize mono
Mono path[0] = 'C:/Program Files/Unity/Hub/Editor/2020.3.1f1/Editor/Data/Managed'
Mono path[1] = 'C:/Program Files/Unity/Hub/Editor/2020.3.1f1/Editor/Data/MonoBleedingEdge/lib/mono/unityjit'
Mono config path = 'C:/Program Files/Unity/Hub/Editor/2020.3.1f1/Editor/Data/MonoBleedingEdge/etc'
Using monoOptions --debugger-agent=transport=dt_socket,embedding=1,server=y,suspend=n,address=127.0.0.1:56212
Begin MonoManager ReloadAssembly
Registering precompiled unity dll's ...
Register platform support module: C:/Program Files/Unity/Hub/Editor/2020.3.1f1/Editor/Data/PlaybackEngines/WindowsStandaloneSupport/UnityEditor.WindowsStandalone.Extensions.dll
Registered in 0.002463 seconds.
Native extension for WindowsStandalone target not found
Refreshing native plugins compatible for Editor in 27.68 ms, found 0 plugins.
Preloading 0 native plugins for Editor in 0.00 ms.
Invoked RoslynAnalysisRunner static constructor.
RoslynAnalysisRunner will not be running.
RoslynAnalysisRunner has terminated.
Mono: successfully reloaded assembly
- Completed reload, in  6.399 seconds
Platform modules already initialized, skipping
Registering precompiled user dll's ...
Registered in 0.001191 seconds.
Begin MonoManager ReloadAssembly
Native extension for WindowsStandalone target not found
Refreshing native plugins compatible for Editor in 0.21 ms, found 0 plugins.
Preloading 0 native plugins for Editor in 0.00 ms.
Invoked RoslynAnalysisRunner static constructor.
RoslynAnalysisRunner will not be running.
RoslynAnalysisRunner has terminated.
Mono: successfully reloaded assembly
- Completed reload, in  0.957 seconds
Platform modules already initialized, skipping
========================================================================
Worker process is ready to serve import requests
Launched and connected shader compiler UnityShaderCompiler.exe after 0.07 seconds
Refreshing native plugins compatible for Editor in 0.36 ms, found 0 plugins.
Preloading 0 native plugins for Editor in 0.00 ms.
Unloading 1119 Unused Serialized files (Serialized files now loaded: 0)
System memory in use before: 57.6 MB.
System memory in use after: 57.6 MB.

Unloading 10 unused Assets to reduce memory usage. Loaded Objects now: 1565.
Total: 1.787000 ms (FindLiveObjects: 0.210000 ms CreateObjectMapping: 0.057900 ms MarkObjects: 1.437300 ms  DeleteObjects: 0.080900 ms)

========================================================================
Received Import Request.
  path: Assets/Tree.prefab
  artifactKey: Guid(2449982d72b4c54459f4a761ee124a5a) Importer(815301076,1909f56bfc062723c751e8b465ee728b)
Start importing Assets/Tree.prefab using Guid(2449982d72b4c54459f4a761ee124a5a) Importer(815301076,1909f56bfc062723c751e8b465ee728b)  -> (artifact id: 'c3dfe907f834735543bee9f5efe261e8') in 0.365052 seconds
  Import took 0.367983 seconds .

========================================================================
Received Prepare
Registering precompiled user dll's ...
Registered in 0.001258 seconds.
Begin MonoManager ReloadAssembly
Native extension for WindowsStandalone target not found
Refreshing native plugins compatible for Editor in 0.20 ms, found 0 plugins.
Preloading 0 native plugins for Editor in 0.00 ms.
Invoked RoslynAnalysisRunner static constructor.
RoslynAnalysisRunner will not be running.
RoslynAnalysisRunner has terminated.
Mono: successfully reloaded assembly
- Completed reload, in  0.871 seconds
Platform modules already initialized, skipping
Refreshing native plugins compatible for Editor in 0.21 ms, found 0 plugins.
Preloading 0 native plugins for Editor in 0.00 ms.
Unloading 1114 Unused Serialized files (Serialized files now loaded: 0)
System memory in use before: 61.0 MB.
System memory in use after: 61.1 MB.

Unloading 5 unused Assets to reduce memory usage. Loaded Objects now: 1611.
Total: 2.399000 ms (FindLiveObjects: 0.245400 ms CreateObjectMapping: 0.032400 ms MarkObjects: 2.041900 ms  DeleteObjects: 0.078000 ms)

========================================================================
Received Import Request.
  Time since last request: 52.929993 seconds.
  path: Assets/Scenes/Level2.unity
  artifactKey: Guid(6c193eff2a693904aa1fe13cc1e7f4bb) Importer(815301076,1909f56bfc062723c751e8b465ee728b)
Start importing Assets/Scenes/Level2.unity using Guid(6c193eff2a693904aa1fe13cc1e7f4bb) Importer(815301076,1909f56bfc062723c751e8b465ee728b)  -> (artifact id: '60b051012a7938a90a646fc32764c306') in 0.020496 seconds
  Import took 0.023580 seconds .

========================================================================
Received Import Request.
  Time since last request: 46.251547 seconds.
  path: Assets/Scenes/Level2.unity
  artifactKey: Guid(6c193eff2a693904aa1fe13cc1e7f4bb) Importer(815301076,1909f56bfc062723c751e8b465ee728b)
Start importing Assets/Scenes/Level2.unity using Guid(6c193eff2a693904aa1fe13cc1e7f4bb) Importer(815301076,1909f56bfc062723c751e8b465ee728b)  -> (artifact id: '3dcd2f00c8b432da5bddbefd65e78ce1') in 0.003223 seconds
  Import took 0.006662 seconds .

========================================================================
Received Prepare
Registering precompiled user dll's ...
Registered in 0.001550 seconds.
Begin MonoManager ReloadAssembly
Native extension for WindowsStandalone target not found
Refreshing native plugins compatible for Editor in 0.24 ms, found 0 plugins.
Preloading 0 native plugins for Editor in 0.00 ms.
Invoked RoslynAnalysisRunner static constructor.
RoslynAnalysisRunner will not be running.
RoslynAnalysisRunner has terminated.
Mono: successfully reloaded assembly
- Completed reload, in  1.517 seconds
Platform modules already initialized, skipping
Refreshing native plugins compatible for Editor in 0.30 ms, found 0 plugins.
Preloading 0 native plugins for Editor in 0.00 ms.
Unloading 1114 Unused Serialized files (Serialized files now loaded: 0)
System memory in use before: 61.1 MB.
System memory in use after: 61.2 MB.

Unloading 5 unused Assets to reduce memory usage. Loaded Objects now: 1614.
Total: 2.320300 ms (FindLiveObjects: 0.206900 ms CreateObjectMapping: 0.091700 ms MarkObjects: 1.953600 ms  DeleteObjects: 0.066300 ms)

========================================================================
Received Import Request.
  Time since last request: 153.780562 seconds.
  path: Assets/Scenes
  artifactKey: Guid(65bbdeb05e289d84a83901a6fe762e22) Importer(815301076,1909f56bfc062723c751e8b465ee728b)
Start importing Assets/Scenes using Guid(65bbdeb05e289d84a83901a6fe762e22) Importer(815301076,1909f56bfc062723c751e8b465ee728b)  -> (artifact id: '1479d7b1f1e19384a1c839b4d9c1ea01') in 0.013270 seconds
  Import took 0.016422 seconds .

========================================================================
Received Prepare
Registering precompiled user dll's ...
Registered in 0.000848 seconds.
Begin MonoManager ReloadAssembly
Native extension for WindowsStandalone target not found
Refreshing native plugins compatible for Editor in 0.22 ms, found 0 plugins.
Preloading 0 native plugins for Editor in 0.00 ms.
Invoked RoslynAnalysisRunner static constructor.
RoslynAnalysisRunner will not be running.
RoslynAnalysisRunner has terminated.
Mono: successfully reloaded assembly
- Completed reload, in  0.975 seconds
Platform modules already initialized, skipping
Refreshing native plugins compatible for Editor in 0.24 ms, found 0 plugins.
Preloading 0 native plugins for Editor in 0.00 ms.
Unloading 1114 Unused Serialized files (Serialized files now loaded: 0)
System memory in use before: 61.1 MB.
System memory in use after: 61.2 MB.

Unloading 5 unused Assets to reduce memory usage. Loaded Objects now: 1617.
Total: 2.863400 ms (FindLiveObjects: 0.248300 ms CreateObjectMapping: 0.086300 ms MarkObjects: 2.460000 ms  DeleteObjects: 0.067100 ms)

========================================================================
Received Import Request.
  Time since last request: 5.220459 seconds.
  path: Assets/Scenes/Level1 1.unity
  artifactKey: Guid(56ffc5e9557563d40abef1d5e3640eeb) Importer(815301076,1909f56bfc062723c751e8b465ee728b)
Start importing Assets/Scenes/Level1 1.unity using Guid(56ffc5e9557563d40abef1d5e3640eeb) Importer(815301076,1909f56bfc062723c751e8b465ee728b)  -> (artifact id: 'adb06be62734c346eabf470159100d6f') in 0.016367 seconds
  Import took 0.018912 seconds .

========================================================================
Received Import Request.
  Time since last request: 5.871021 seconds.
  path: Assets/Scenes/Level0.unity
  artifactKey: Guid(56ffc5e9557563d40abef1d5e3640eeb) Importer(815301076,1909f56bfc062723c751e8b465ee728b)
Start importing Assets/Scenes/Level0.unity using Guid(56ffc5e9557563d40abef1d5e3640eeb) Importer(815301076,1909f56bfc062723c751e8b465ee728b)  -> (artifact id: '47e37ca96bbc6bed0b680b9a4432376a') in 0.009476 seconds
  Import took 0.011833 seconds .

========================================================================
Received Prepare
Registering precompiled user dll's ...
Registered in 0.000783 seconds.
Begin MonoManager ReloadAssembly
Native extension for WindowsStandalone target not found
Refreshing native plugins compatible for Editor in 0.20 ms, found 0 plugins.
Preloading 0 native plugins for Editor in 0.00 ms.
Invoked RoslynAnalysisRunner static constructor.
RoslynAnalysisRunner will not be running.
RoslynAnalysisRunner has terminated.
Mono: successfully reloaded assembly
- Completed reload, in  0.894 seconds
Platform modules already initialized, skipping
Refreshing native plugins compatible for Editor in 0.20 ms, found 0 plugins.
Preloading 0 native plugins for Editor in 0.00 ms.
Unloading 1114 Unused Serialized files (Serialized files now loaded: 0)
System memory in use before: 61.1 MB.
System memory in use after: 61.2 MB.

Unloading 5 unused Assets to reduce memory usage. Loaded Objects now: 1620.
Total: 2.206500 ms (FindLiveObjects: 0.224800 ms CreateObjectMapping: 0.052500 ms MarkObjects: 1.848000 ms  DeleteObjects: 0.079200 ms)

========================================================================
Received Import Request.
  Time since last request: 168.226225 seconds.
  path: Assets/Scenes/Level0.unity
  artifactKey: Guid(56ffc5e9557563d40abef1d5e3640eeb) Importer(815301076,1909f56bfc062723c751e8b465ee728b)
Start importing Assets/Scenes/Level0.unity using Guid(56ffc5e9557563d40abef1d5e3640eeb) Importer(815301076,1909f56bfc062723c751e8b465ee728b)  -> (artifact id: '716907ef7fba7e3b7a255f638d2951b5') in 0.014788 seconds
  Import took 0.017890 seconds .

========================================================================
Received Prepare
Registering precompiled user dll's ...
Registered in 0.000836 seconds.
Begin MonoManager ReloadAssembly
Native extension for WindowsStandalone target not found
Refreshing native plugins compatible for Editor in 0.23 ms, found 0 plugins.
Preloading 0 native plugins for Editor in 0.00 ms.
Invoked RoslynAnalysisRunner static constructor.
RoslynAnalysisRunner will not be running.
RoslynAnalysisRunner has terminated.
Mono: successfully reloaded assembly
- Completed reload, in  1.056 seconds
Platform modules already initialized, skipping
Refreshing native plugins compatible for Editor in 0.19 ms, found 0 plugins.
Preloading 0 native plugins for Editor in 0.00 ms.
Unloading 1114 Unused Serialized files (Serialized files now loaded: 0)
System memory in use before: 61.1 MB.
System memory in use after: 61.2 MB.

Unloading 5 unused Assets to reduce memory usage. Loaded Objects now: 1623.
Total: 2.174400 ms (FindLiveObjects: 0.272900 ms CreateObjectMapping: 0.064400 ms MarkObjects: 1.745400 ms  DeleteObjects: 0.090100 ms)

========================================================================
Received Import Request.
  Time since last request: 11.037492 seconds.
  path: Assets/Scenes/Level2.unity
  artifactKey: Guid(6c193eff2a693904aa1fe13cc1e7f4bb) Importer(815301076,1909f56bfc062723c751e8b465ee728b)
Start importing Assets/Scenes/Level2.unity using Guid(6c193eff2a693904aa1fe13cc1e7f4bb) Importer(815301076,1909f56bfc062723c751e8b465ee728b)  -> (artifact id: 'e7f0193bbdaf068390d031095ee26fb8') in 0.013159 seconds
  Import took 0.016838 seconds .

========================================================================
Received Import Request.
  Time since last request: 4.407497 seconds.
  path: Assets/Scenes/Level0.unity
  artifactKey: Guid(56ffc5e9557563d40abef1d5e3640eeb) Importer(815301076,1909f56bfc062723c751e8b465ee728b)
Start importing Assets/Scenes/Level0.unity using Guid(56ffc5e9557563d40abef1d5e3640eeb) Importer(815301076,1909f56bfc062723c751e8b465ee728b)  -> (artifact id: 'c9430aa88fe6f220d0a5971dc870060c') in 0.003390 seconds
  Import took 0.006509 seconds .

========================================================================
Received Prepare
Registering precompiled user dll's ...
Registered in 0.000791 seconds.
Begin MonoManager ReloadAssembly
Native extension for WindowsStandalone target not found
Refreshing native plugins compatible for Editor in 0.32 ms, found 0 plugins.
Preloading 0 native plugins for Editor in 0.00 ms.
Invoked RoslynAnalysisRunner static constructor.
RoslynAnalysisRunner will not be running.
RoslynAnalysisRunner has terminated.
Mono: successfully reloaded assembly
- Completed reload, in  0.955 seconds
Platform modules already initialized, skipping
Refreshing native plugins compatible for Editor in 0.22 ms, found 0 plugins.
Preloading 0 native plugins for Editor in 0.00 ms.
Unloading 1114 Unused Serialized files (Serialized files now loaded: 0)
System memory in use before: 61.2 MB.
System memory in use after: 61.2 MB.

Unloading 5 unused Assets to reduce memory usage. Loaded Objects now: 1626.
Total: 1.813600 ms (FindLiveObjects: 0.168100 ms CreateObjectMapping: 0.052700 ms MarkObjects: 1.540200 ms  DeleteObjects: 0.051000 ms)

========================================================================
Received Import Request.
  Time since last request: 229.756403 seconds.
  path: Assets/flamingo.png
  artifactKey: Guid(af3f3649bddf1e94d9d23507c0c67c79) Importer(815301076,1909f56bfc062723c751e8b465ee728b)
Start importing Assets/flamingo.png using Guid(af3f3649bddf1e94d9d23507c0c67c79) Importer(815301076,1909f56bfc062723c751e8b465ee728b)  -> (artifact id: 'da62cf6a13ba9775fd68ad0877c76856') in 0.108446 seconds
  Import took 0.110997 seconds .

========================================================================
Received Import Request.
  Time since last request: 55.899796 seconds.
  path: Assets/New Material.mat
  artifactKey: Guid(e0322ba571b02ee4fb2bf5e796aefbd2) Importer(815301076,1909f56bfc062723c751e8b465ee728b)
Start importing Assets/New Material.mat using Guid(e0322ba571b02ee4fb2bf5e796aefbd2) Importer(815301076,1909f56bfc062723c751e8b465ee728b)  -> (artifact id: 'a9e89b34abe3d4d82114a213a8d1e606') in 0.063808 seconds
  Import took 0.068071 seconds .

========================================================================
Received Import Request.
  Time since last request: 79.892352 seconds.
  path: Assets/New GUISkin.guiskin
  artifactKey: Guid(a9c9a14c7234f144186d3683ea5d155c) Importer(815301076,1909f56bfc062723c751e8b465ee728b)
Start importing Assets/New GUISkin.guiskin using Guid(a9c9a14c7234f144186d3683ea5d155c) Importer(815301076,1909f56bfc062723c751e8b465ee728b)  -> (artifact id: '2517481023a0c68a7a8a29c38cc40020') in 0.019767 seconds
  Import took 0.023685 seconds .

========================================================================
Received Prepare
Registering precompiled user dll's ...
Registered in 0.000750 seconds.
Begin MonoManager ReloadAssembly
Native extension for WindowsStandalone target not found
Refreshing native plugins compatible for Editor in 0.22 ms, found 0 plugins.
Preloading 0 native plugins for Editor in 0.00 ms.
Invoked RoslynAnalysisRunner static constructor.
RoslynAnalysisRunner will not be running.
RoslynAnalysisRunner has terminated.
Mono: successfully reloaded assembly
- Completed reload, in  0.848 seconds
Platform modules already initialized, skipping
Refreshing native plugins compatible for Editor in 0.23 ms, found 0 plugins.
Preloading 0 native plugins for Editor in 0.00 ms.
Unloading 1114 Unused Serialized files (Serialized files now loaded: 0)
System memory in use before: 61.2 MB.
System memory in use after: 61.3 MB.

Unloading 5 unused Assets to reduce memory usage. Loaded Objects now: 1633.
Total: 2.604900 ms (FindLiveObjects: 0.469800 ms CreateObjectMapping: 0.079600 ms MarkObjects: 1.952500 ms  DeleteObjects: 0.101700 ms)

========================================================================
Received Import Request.
  Time since last request: 247.327658 seconds.
  path: Assets/New Material.mat
  artifactKey: Guid(e0322ba571b02ee4fb2bf5e796aefbd2) Importer(815301076,1909f56bfc062723c751e8b465ee728b)
Start importing Assets/New Material.mat using Guid(e0322ba571b02ee4fb2bf5e796aefbd2) Importer(815301076,1909f56bfc062723c751e8b465ee728b)  -> (artifact id: '03b69f007cd00ef8c0711af3afe61e97') in 0.068489 seconds
  Import took 0.071253 seconds .

========================================================================
Received Import Request.
  Time since last request: 1.440913 seconds.
  path: Assets/Scenes/Level1.unity
  artifactKey: Guid(52779c30f881151438f82d0dbdd56185) Importer(815301076,1909f56bfc062723c751e8b465ee728b)
Start importing Assets/Scenes/Level1.unity using Guid(52779c30f881151438f82d0dbdd56185) Importer(815301076,1909f56bfc062723c751e8b465ee728b)  -> (artifact id: 'cd029400b53e6a8984ccaadbb144352d') in 0.007074 seconds
  Import took 0.009438 seconds .

========================================================================
Received Import Request.
  Time since last request: 0.103488 seconds.
  path: Assets/Scenes/Level1.unity
  artifactKey: Guid(52779c30f881151438f82d0dbdd56185) Importer(815301076,1909f56bfc062723c751e8b465ee728b)
Start importing Assets/Scenes/Level1.unity using Guid(52779c30f881151438f82d0dbdd56185) Importer(815301076,1909f56bfc062723c751e8b465ee728b)  -> (artifact id: 'cd029400b53e6a8984ccaadbb144352d') in 0.003556 seconds
  Import took 0.006654 seconds .

========================================================================
Received Import Request.
  Time since last request: 14.803920 seconds.
  path: Assets/Scenes/Level2.unity
  artifactKey: Guid(6c193eff2a693904aa1fe13cc1e7f4bb) Importer(815301076,1909f56bfc062723c751e8b465ee728b)
Start importing Assets/Scenes/Level2.unity using Guid(6c193eff2a693904aa1fe13cc1e7f4bb) Importer(815301076,1909f56bfc062723c751e8b465ee728b)  -> (artifact id: '4347c7c49b51a40a6e210709cc6254ee') in 0.003432 seconds
  Import took 0.006263 seconds .

========================================================================
Received Import Request.
  Time since last request: 2289.398359 seconds.
  path: Assets/Scenes/Level1.unity
  artifactKey: Guid(52779c30f881151438f82d0dbdd56185) Importer(815301076,1909f56bfc062723c751e8b465ee728b)
Start importing Assets/Scenes/Level1.unity using Guid(52779c30f881151438f82d0dbdd56185) Importer(815301076,1909f56bfc062723c751e8b465ee728b)  -> (artifact id: '7ddf1a2609e6dfc791761c472d1912ac') in 0.011126 seconds
  Import took 0.014779 seconds .

========================================================================
Received Import Request.
  Time since last request: 0.985354 seconds.
  path: Assets/Scenes/Level0.unity
  artifactKey: Guid(56ffc5e9557563d40abef1d5e3640eeb) Importer(815301076,1909f56bfc062723c751e8b465ee728b)
Start importing Assets/Scenes/Level0.unity using Guid(56ffc5e9557563d40abef1d5e3640eeb) Importer(815301076,1909f56bfc062723c751e8b465ee728b)  -> (artifact id: '77deb0fc97c6ca1b2f79c2483be1d771') in 0.004226 seconds
  Import took 0.007976 seconds .

========================================================================
Received Prepare
Registering precompiled user dll's ...
Registered in 0.001196 seconds.
Begin MonoManager ReloadAssembly
Native extension for WindowsStandalone target not found
Refreshing native plugins compatible for Editor in 0.21 ms, found 0 plugins.
Preloading 0 native plugins for Editor in 0.00 ms.
Invoked RoslynAnalysisRunner static constructor.
RoslynAnalysisRunner will not be running.
RoslynAnalysisRunner has terminated.
Mono: successfully reloaded assembly
- Completed reload, in  1.026 seconds
Platform modules already initialized, skipping
Refreshing native plugins compatible for Editor in 0.32 ms, found 0 plugins.
Preloading 0 native plugins for Editor in 0.00 ms.
Unloading 1114 Unused Serialized files (Serialized files now loaded: 0)
System memory in use before: 61.3 MB.
System memory in use after: 61.4 MB.

Unloading 5 unused Assets to reduce memory usage. Loaded Objects now: 1638.
Total: 2.258900 ms (FindLiveObjects: 0.306600 ms CreateObjectMapping: 0.117600 ms MarkObjects: 1.731100 ms  DeleteObjects: 0.101800 ms)

========================================================================
Received Import Request.
  Time since last request: 376.013523 seconds.
  path: Assets/Scenes/Level2.unity
  artifactKey: Guid(6c193eff2a693904aa1fe13cc1e7f4bb) Importer(815301076,1909f56bfc062723c751e8b465ee728b)
Start importing Assets/Scenes/Level2.unity using Guid(6c193eff2a693904aa1fe13cc1e7f4bb) Importer(815301076,1909f56bfc062723c751e8b465ee728b)  -> (artifact id: '4a639fafeab69f41ef89cb2681000de5') in 0.015569 seconds
  Import took 0.019497 seconds .

========================================================================
Received Import Request.
  Time since last request: 1.402480 seconds.
  path: Assets/Scenes/Sample Scene 1.unity
  artifactKey: Guid(9189e546832b9314a850e693357ff7b4) Importer(815301076,1909f56bfc062723c751e8b465ee728b)
Start importing Assets/Scenes/Sample Scene 1.unity using Guid(9189e546832b9314a850e693357ff7b4) Importer(815301076,1909f56bfc062723c751e8b465ee728b)  -> (artifact id: 'f519db5a70c25a0c2fc3ce4207c13874') in 0.009300 seconds
  Import took 0.011876 seconds .

========================================================================
Received Prepare
Registering precompiled user dll's ...
Registered in 0.001205 seconds.
Begin MonoManager ReloadAssembly
Native extension for WindowsStandalone target not found
Refreshing native plugins compatible for Editor in 0.22 ms, found 0 plugins.
Preloading 0 native plugins for Editor in 0.00 ms.
Invoked RoslynAnalysisRunner static constructor.
RoslynAnalysisRunner will not be running.
RoslynAnalysisRunner has terminated.
Mono: successfully reloaded assembly
- Completed reload, in  0.923 seconds
Platform modules already initialized, skipping
Refreshing native plugins compatible for Editor in 0.21 ms, found 0 plugins.
Preloading 0 native plugins for Editor in 0.00 ms.
Unloading 1114 Unused Serialized files (Serialized files now loaded: 0)
System memory in use before: 61.3 MB.
System memory in use after: 61.4 MB.

Unloading 5 unused Assets to reduce memory usage. Loaded Objects now: 1641.
Total: 2.767700 ms (FindLiveObjects: 0.400300 ms CreateObjectMapping: 0.060000 ms MarkObjects: 2.242600 ms  DeleteObjects: 0.063200 ms)

========================================================================
Received Prepare
Registering precompiled user dll's ...
Registered in 0.001042 seconds.
Begin MonoManager ReloadAssembly
Native extension for WindowsStandalone target not found
Refreshing native plugins compatible for Editor in 0.20 ms, found 0 plugins.
Preloading 0 native plugins for Editor in 0.00 ms.
Invoked RoslynAnalysisRunner static constructor.
RoslynAnalysisRunner will not be running.
RoslynAnalysisRunner has terminated.
Mono: successfully reloaded assembly
- Completed reload, in  0.929 seconds
Platform modules already initialized, skipping
Refreshing native plugins compatible for Editor in 0.22 ms, found 0 plugins.
Preloading 0 native plugins for Editor in 0.00 ms.
Unloading 1114 Unused Serialized files (Serialized files now loaded: 0)
System memory in use before: 61.3 MB.
System memory in use after: 61.4 MB.

Unloading 5 unused Assets to reduce memory usage. Loaded Objects now: 1644.
Total: 3.302100 ms (FindLiveObjects: 0.291000 ms CreateObjectMapping: 0.053600 ms MarkObjects: 2.776600 ms  DeleteObjects: 0.179200 ms)

========================================================================
Received Prepare
Registering precompiled user dll's ...
Registered in 0.000752 seconds.
Begin MonoManager ReloadAssembly
Native extension for WindowsStandalone target not found
Refreshing native plugins compatible for Editor in 0.23 ms, found 0 plugins.
Preloading 0 native plugins for Editor in 0.00 ms.
Invoked RoslynAnalysisRunner static constructor.
RoslynAnalysisRunner will not be running.
RoslynAnalysisRunner has terminated.
Mono: successfully reloaded assembly
- Completed reload, in  0.997 seconds
Platform modules already initialized, skipping
Refreshing native plugins compatible for Editor in 0.22 ms, found 0 plugins.
Preloading 0 native plugins for Editor in 0.00 ms.
Unloading 1114 Unused Serialized files (Serialized files now loaded: 0)
System memory in use before: 61.3 MB.
System memory in use after: 61.4 MB.

Unloading 5 unused Assets to reduce memory usage. Loaded Objects now: 1647.
Total: 2.166600 ms (FindLiveObjects: 0.254300 ms CreateObjectMapping: 0.086200 ms MarkObjects: 1.752500 ms  DeleteObjects: 0.069900 ms)

========================================================================
Received Prepare
Registering precompiled user dll's ...
Registered in 0.000813 seconds.
Begin MonoManager ReloadAssembly
Native extension for WindowsStandalone target not found
Refreshing native plugins compatible for Editor in 0.32 ms, found 0 plugins.
Preloading 0 native plugins for Editor in 0.00 ms.
Invoked RoslynAnalysisRunner static constructor.
RoslynAnalysisRunner will not be running.
RoslynAnalysisRunner has terminated.
Mono: successfully reloaded assembly
- Completed reload, in  0.933 seconds
Platform modules already initialized, skipping
Refreshing native plugins compatible for Editor in 0.20 ms, found 0 plugins.
Preloading 0 native plugins for Editor in 0.00 ms.
Unloading 1114 Unused Serialized files (Serialized files now loaded: 0)
System memory in use before: 61.3 MB.
System memory in use after: 61.4 MB.

Unloading 5 unused Assets to reduce memory usage. Loaded Objects now: 1650.
Total: 1.946000 ms (FindLiveObjects: 0.150000 ms CreateObjectMapping: 0.050500 ms MarkObjects: 1.685900 ms  DeleteObjects: 0.058300 ms)

========================================================================
Received Import Request.
  Time since last request: 697.249080 seconds.
  path: Assets/Scenes/Level1.unity
  artifactKey: Guid(52779c30f881151438f82d0dbdd56185) Importer(815301076,1909f56bfc062723c751e8b465ee728b)
Start importing Assets/Scenes/Level1.unity using Guid(52779c30f881151438f82d0dbdd56185) Importer(815301076,1909f56bfc062723c751e8b465ee728b)  -> (artifact id: 'f80b3be2f6c02a3ca1fdbbd3c13e6bbc') in 0.013374 seconds
  Import took 0.015394 seconds .

========================================================================
Received Import Request.
  Time since last request: 0.098298 seconds.
  path: Assets/Scenes/Level1.unity
  artifactKey: Guid(52779c30f881151438f82d0dbdd56185) Importer(815301076,1909f56bfc062723c751e8b465ee728b)
Start importing Assets/Scenes/Level1.unity using Guid(52779c30f881151438f82d0dbdd56185) Importer(815301076,1909f56bfc062723c751e8b465ee728b)  -> (artifact id: 'f80b3be2f6c02a3ca1fdbbd3c13e6bbc') in 0.003149 seconds
  Import took 0.005628 seconds .

========================================================================
Received Import Request.
  Time since last request: 3.374815 seconds.
  path: Assets/Scenes/Level0.unity
  artifactKey: Guid(56ffc5e9557563d40abef1d5e3640eeb) Importer(815301076,1909f56bfc062723c751e8b465ee728b)
Start importing Assets/Scenes/Level0.unity using Guid(56ffc5e9557563d40abef1d5e3640eeb) Importer(815301076,1909f56bfc062723c751e8b465ee728b)  -> (artifact id: '280e3d7fd160cdaf352ce50497bae2c6') in 0.003514 seconds
  Import took 0.006956 seconds .

AssetImportWorkerClient::OnTransportError - code=2 error=End of file
